SF:lib\src\queue\domain\entities\queue_entity.dart
DA:10,3
LF:1
LH:1
end_of_record
SF:lib\src\queue\domain\usecases\add_new_queue.dart
DA:11,1
DA:13,1
DA:14,3
LF:3
LH:3
end_of_record
SF:lib\src\queue\domain\usecases\get_all_queues.dart
DA:11,1
DA:13,1
DA:15,2
LF:3
LH:3
end_of_record
SF:lib\src\queue\domain\usecases\remove_queue.dart
DA:11,0
DA:13,0
DA:14,0
LF:3
LH:0
end_of_record
SF:lib\src\configuration\blocs\configuration_bloc.dart
DA:18,1
DA:22,2
DA:23,3
DA:24,3
DA:25,3
DA:28,1
DA:29,2
DA:31,4
DA:32,1
DA:33,2
DA:34,1
DA:35,1
DA:36,2
DA:41,1
DA:43,4
DA:46,1
DA:48,4
LF:17
LH:17
end_of_record
SF:lib\src\configuration\events\conf_event.dart
DA:10,1
DA:16,1
LF:2
LH:2
end_of_record
SF:lib\src\configuration\states\conf_state.dart
DA:12,1
DA:18,1
LF:2
LH:2
end_of_record
SF:lib\src\queue\domain\value_objects\order.dart
DA:7,3
DA:15,7
LF:2
LH:2
end_of_record
SF:lib\src\queue\external\queue_firestore_datasource.dart
DA:7,1
DA:8,1
DA:10,2
DA:11,2
DA:13,5
DA:17,1
DA:18,2
DA:19,1
DA:20,1
DA:23,1
DA:25,3
DA:26,2
DA:27,1
DA:29,1
DA:33,0
DA:34,0
DA:36,0
LF:17
LH:14
end_of_record
SF:lib\src\queue\infra\adapters\json_to_order.dart
DA:4,3
DA:5,3
DA:6,3
DA:7,3
DA:8,6
DA:10,15
DA:14,2
DA:15,2
DA:16,2
DA:17,2
DA:18,4
DA:19,4
LF:12
LH:12
end_of_record
SF:lib\src\queue\infra\adapters\json_to_queue.dart
DA:5,2
DA:6,2
DA:7,2
DA:8,2
DA:9,2
DA:10,2
DA:11,2
DA:12,2
DA:13,6
DA:18,2
DA:19,2
DA:20,2
DA:21,2
DA:22,2
DA:23,2
DA:24,8
LF:16
LH:16
end_of_record
SF:lib\src\queue\infra\repositores\queue_repository.dart
DA:8,1
DA:12,1
DA:14,2
DA:16,2
DA:20,1
DA:21,1
DA:22,3
DA:26,0
DA:27,0
DA:30,1
DA:31,2
LF:11
LH:9
end_of_record
